\BOOKMARK [0][-]{MUTESCHAPTER.1.0}{\376\377\000A\000b\000s\000t\000r\000a\000c\000t}{}% 1
\BOOKMARK [0][-]{MUTESCHAPTER.2.0}{\376\377\000R\000e\000s\000u\000m\000o}{}% 2
\BOOKMARK [0][-]{MUTESCHAPTER.3.0}{\376\377\000L\000i\000s\000t\000\040\000o\000f\000\040\000F\000i\000g\000u\000r\000e\000s}{}% 3
\BOOKMARK [0][-]{MUTESCHAPTER.4.0}{\376\377\000L\000i\000s\000t\000\040\000o\000f\000\040\000A\000b\000b\000r\000e\000v\000i\000a\000t\000i\000o\000n\000s\000\040\000a\000n\000d\000\040\000A\000c\000r\000o\000n\000y\000m\000s}{}% 4
\BOOKMARK [0][-]{MUTESCHAPTER.5.0}{\376\377\000C\000o\000n\000t\000e\000n\000t\000s}{}% 5
\BOOKMARK [0][-]{CHAPTER.1}{\376\377\0001\000\040\000I\000n\000t\000r\000o\000d\000u\000c\000t\000i\000o\000n}{}% 6
\BOOKMARK [1][-]{section.1.1}{\376\377\0001\000.\0001\000\040\000P\000h\000y\000s\000i\000c\000a\000l\000l\000y\000-\000b\000a\000s\000e\000d\000\040\000R\000e\000n\000d\000e\000r\000i\000n\000g}{CHAPTER.1}% 7
\BOOKMARK [1][-]{section.1.2}{\376\377\0001\000.\0002\000\040\000R\000e\000n\000d\000e\000r\000i\000n\000g\000\040\000a\000\040\000S\000c\000e\000n\000e}{CHAPTER.1}% 8
\BOOKMARK [1][-]{section.1.3}{\376\377\0001\000.\0003\000\040\000T\000h\000e\000\040\000N\000e\000e\000d\000\040\000f\000o\000r\000\040\000A\000u\000t\000o\000m\000a\000t\000i\000c\000\040\000S\000c\000e\000n\000e\000\040\000C\000o\000n\000v\000e\000r\000s\000i\000o\000n}{CHAPTER.1}% 9
\BOOKMARK [1][-]{section.1.4}{\376\377\0001\000.\0004\000\040\000T\000h\000e\000s\000i\000s\000\040\000S\000t\000r\000u\000c\000t\000u\000r\000e}{CHAPTER.1}% 10
\BOOKMARK [0][-]{CHAPTER.2}{\376\377\0002\000\040\000R\000e\000l\000a\000t\000e\000d\000\040\000W\000o\000r\000k}{}% 11
\BOOKMARK [1][-]{section.2.1}{\376\377\0002\000.\0001\000\040\000S\000c\000e\000n\000e\000\040\000C\000o\000n\000v\000e\000r\000s\000i\000o\000n}{CHAPTER.2}% 12
\BOOKMARK [1][-]{section.2.2}{\376\377\0002\000.\0002\000\040\000M\000e\000t\000a\000-\000R\000e\000s\000e\000a\000r\000c\000h\000\040\000S\000y\000s\000t\000e\000m\000s\000\040\000i\000n\000\040\000C\000o\000m\000p\000u\000t\000e\000r\000\040\000G\000r\000a\000p\000h\000i\000c\000s}{CHAPTER.2}% 13
\BOOKMARK [0][-]{CHAPTER.3}{\376\377\0003\000\040\000T\000h\000e\000o\000r\000e\000t\000i\000c\000a\000l\000\040\000F\000o\000u\000n\000d\000a\000t\000i\000o\000n\000s}{}% 14
\BOOKMARK [1][-]{section.3.1}{\376\377\0003\000.\0001\000\040\000T\000h\000e\000\040\000R\000e\000n\000d\000e\000r\000i\000n\000g\000\040\000P\000i\000p\000e\000l\000i\000n\000e}{CHAPTER.3}% 15
\BOOKMARK [1][-]{section.3.2}{\376\377\0003\000.\0002\000\040\000P\000h\000o\000n\000g\000\040\000R\000e\000f\000l\000e\000c\000t\000i\000o\000n\000\040\000M\000o\000d\000e\000l}{CHAPTER.3}% 16
\BOOKMARK [1][-]{section.3.3}{\376\377\0003\000.\0003\000\040\000R\000a\000y\000\040\000T\000r\000a\000c\000i\000n\000g}{CHAPTER.3}% 17
\BOOKMARK [1][-]{section.3.4}{\376\377\0003\000.\0004\000\040\000T\000h\000e\000\040\000R\000e\000n\000d\000e\000r\000i\000n\000g\000\040\000E\000q\000u\000a\000t\000i\000o\000n}{CHAPTER.3}% 18
\BOOKMARK [2][-]{subsection.3.4.1}{\376\377\0003\000.\0004\000.\0001\000\040\000M\000o\000n\000t\000e\000\040\000C\000a\000r\000l\000o\000\040\000R\000a\000y\000\040\000T\000r\000a\000c\000i\000n\000g}{section.3.4}% 19
\BOOKMARK [0][-]{CHAPTER.4}{\376\377\0004\000\040\000A\000u\000t\000o\000m\000a\000t\000i\000c\000\040\000S\000c\000e\000n\000e\000\040\000C\000o\000n\000v\000e\000r\000s\000i\000o\000n}{}% 20
\BOOKMARK [1][-]{section.4.1}{\376\377\0004\000.\0001\000\040\000S\000y\000s\000t\000e\000m\000\040\000A\000r\000c\000h\000i\000t\000e\000c\000t\000u\000r\000e}{CHAPTER.4}% 21
\BOOKMARK [1][-]{section.4.2}{\376\377\0004\000.\0002\000\040\000T\000h\000e\000\040\000I\000m\000p\000o\000r\000t\000\040\000M\000o\000d\000u\000l\000e}{CHAPTER.4}% 22
\BOOKMARK [1][-]{section.4.3}{\376\377\0004\000.\0003\000\040\000C\000a\000n\000o\000n\000i\000c\000a\000l\000\040\000S\000c\000e\000n\000e\000\040\000R\000e\000p\000r\000e\000s\000e\000n\000t\000a\000t\000i\000o\000n}{CHAPTER.4}% 23
\BOOKMARK [1][-]{section.4.4}{\376\377\0004\000.\0004\000\040\000T\000h\000e\000\040\000E\000x\000p\000o\000r\000t\000\040\000M\000o\000d\000u\000l\000e}{CHAPTER.4}% 24
\BOOKMARK [2][-]{subsection.4.4.1}{\376\377\0004\000.\0004\000.\0001\000\040\000M\000a\000t\000r\000i\000x\000\040\000C\000o\000n\000v\000e\000r\000s\000i\000o\000n}{section.4.4}% 25
\BOOKMARK [2][-]{subsection.4.4.2}{\376\377\0004\000.\0004\000.\0002\000\040\000M\000a\000t\000e\000r\000i\000a\000l\000\040\000C\000o\000n\000v\000e\000r\000s\000i\000o\000n}{section.4.4}% 26
\BOOKMARK [2][-]{subsection.4.4.3}{\376\377\0004\000.\0004\000.\0003\000\040\000S\000h\000a\000p\000e\000\040\000C\000o\000n\000v\000e\000r\000s\000i\000o\000n}{section.4.4}% 27
\BOOKMARK [2][-]{subsection.4.4.4}{\376\377\0004\000.\0004\000.\0004\000\040\000G\000l\000o\000b\000a\000l\000\040\000E\000m\000i\000t\000t\000e\000r\000\040\000C\000o\000n\000v\000e\000r\000s\000i\000o\000n}{section.4.4}% 28
\BOOKMARK [0][-]{CHAPTER.5}{\376\377\0005\000\040\000R\000e\000s\000u\000l\000t\000s}{}% 29
\BOOKMARK [1][-]{section.5.1}{\376\377\0005\000.\0001\000\040\000D\000i\000s\000c\000u\000s\000s\000i\000o\000n}{CHAPTER.5}% 30
\BOOKMARK [1][-]{section.5.2}{\376\377\0005\000.\0002\000\040\000L\000i\000m\000i\000t\000a\000t\000i\000o\000n\000s}{CHAPTER.5}% 31
\BOOKMARK [0][-]{CHAPTER.6}{\376\377\0006\000\040\000C\000o\000n\000c\000l\000u\000s\000i\000o\000n}{}% 32
\BOOKMARK [0][-]{schapter.6}{\376\377\000R\000e\000f\000e\000r\000e\000n\000c\000e\000s}{}% 33
