This is pdfTeX, Version 3.14159265-2.6-1.40.16 (MiKTeX 2.9) (preloaded format=pdflatex 2015.11.15)  27 JUN 2018 12:04
entering extended mode
**pbr_scene_converter.tex
(pbr_scene_converter.tex
LaTeX2e <2015/01/01> patch level 2
Babel <3.9m> and hyphenation patterns for 69 languages loaded.
(iiufrgs.cls
Document Class: iiufrgs 2010/08/13 v4.4.0 Formatacao de documentos para o II/UF
RGS
("C:\Program Files (x86)\MiKTeX 2.9\tex\latex\base\report.cls"
Document Class: report 2014/09/29 v1.4h Standard LaTeX document class
("C:\Program Files (x86)\MiKTeX 2.9\tex\latex\base\size12.clo"
File: size12.clo 2014/09/29 v1.4h Standard LaTeX file (size option)
)
\c@part=\count79
\c@chapter=\count80
\c@section=\count81
\c@subsection=\count82
\c@subsubsection=\count83
\c@paragraph=\count84
\c@subparagraph=\count85
\c@figure=\count86
\c@table=\count87
\abovecaptionskip=\skip41
\belowcaptionskip=\skip42
\bibindent=\dimen102
)
("C:\Program Files (x86)\MiKTeX 2.9\tex\latex\tools\xspace.sty"
Package: xspace 2014/10/28 v1.13 Space after command names (DPC,MH)
)
("C:\Program Files (x86)\MiKTeX 2.9\tex\latex\graphics\keyval.sty"
Package: keyval 2014/10/28 v1.15 key=value parser (DPC)
\KV@toks@=\toks14
)
("C:\Program Files (x86)\MiKTeX 2.9\tex\latex\base\fixltx2e.sty"
Package: fixltx2e 2015/06/22 v2.0b fixes to LaTeX (obsolete)


Package fixltx2e Warning: fixltx2e is not required with releases after 2015
(fixltx2e)                All fixes are now in the LaTeX kernel.
(fixltx2e)                See the latexrelease package for details.

) ("C:\Program Files (x86)\MiKTeX 2.9\tex\generic\babel\babel.sty"
Package: babel 2015/08/03 3.9m The Babel package

*************************************
* Local config file bblopts.cfg used
*
("C:\Program Files (x86)\MiKTeX 2.9\tex\latex\00miktex\bblopts.cfg"
File: bblopts.cfg 2006/07/31 v1.0 MiKTeX 'babel' configuration
)
("C:\Program Files (x86)\MiKTeX 2.9\tex\latex\babel-english\english.ldf"
Language: english 2012/08/20 v3.3p English support from the babel system

("C:\Program Files (x86)\MiKTeX 2.9\tex\generic\babel\babel.def"
File: babel.def 2015/08/03 3.9m Babel common definitions
\babel@savecnt=\count88
\U@D=\dimen103
)
\l@canadian = a dialect from \language\l@american 
\l@australian = a dialect from \language\l@british 
\l@newzealand = a dialect from \language\l@british 
)
("C:\Program Files (x86)\MiKTeX 2.9\tex\latex\babel-portuges\portuges.ldf"
Language: portuges 2008/03/18 v1.2q Portuguese support from the babel system
\l@brazilian = a dialect from \language\l@portuges 
Package babel Info: Making " an active character on input line 145.
))
(brazilian.babel) (english.babel)
("C:\Program Files (x86)\MiKTeX 2.9\tex\latex\lastpage\lastpage.sty"
Package: lastpage 2015/03/29 v1.2m Refers to last page's name (HMM; JPG)
)
("C:\Program Files (x86)\MiKTeX 2.9\tex\latex\tools\indentfirst.sty"
Package: indentfirst 1995/11/23 v1.03 Indent first paragraph (DPC)
)
(iidefs.sty
Package: iidefs 
 ("C:\Program Files (x86)\MiKTeX 2.9\tex\latex\graphics\graphicx.sty"
Package: graphicx 2014/10/28 v1.0g Enhanced LaTeX Graphics (DPC,SPQR)
 ("C:\Program Files (x86)\MiKTeX 2.9\tex\latex\graphics\graphics.sty"
Package: graphics 2014/10/28 v1.0p Standard LaTeX Graphics (DPC,SPQR)

("C:\Program Files (x86)\MiKTeX 2.9\tex\latex\graphics\trig.sty"
Package: trig 1999/03/16 v1.09 sin cos tan (DPC)
)
("C:\Program Files (x86)\MiKTeX 2.9\tex\latex\00miktex\graphics.cfg"
File: graphics.cfg 2007/01/18 v1.5 graphics configuration of teTeX/TeXLive
)
Package graphics Info: Driver file: pdftex.def on input line 94.

("C:\Program Files (x86)\MiKTeX 2.9\tex\latex\pdftex-def\pdftex.def"
File: pdftex.def 2011/05/27 v0.06d Graphics/color for pdfTeX

("C:\Program Files (x86)\MiKTeX 2.9\tex\generic\oberdiek\infwarerr.sty"
Package: infwarerr 2010/04/08 v1.3 Providing info/warning/error messages (HO)
)
("C:\Program Files (x86)\MiKTeX 2.9\tex\generic\oberdiek\ltxcmds.sty"
Package: ltxcmds 2011/11/09 v1.22 LaTeX kernel commands for general use (HO)
)
\Gread@gobject=\count89
))
\Gin@req@height=\dimen104
\Gin@req@width=\dimen105
))
("C:\Program Files (x86)\MiKTeX 2.9\tex\latex\setspace\setspace.sty"
Package: setspace 2011/12/19 v6.7a set line spacing
)
("C:\Program Files (x86)\MiKTeX 2.9\tex\latex\ccaption\ccaption.sty"
Package: ccaption 2011/08/07 v3.2c Extended captioning and new floats
\@contcwidth=\skip43
\@contindw=\skip44
\abovelegendskip=\skip45
\belowlegendskip=\skip46
\c@newflo@tctr=\count90
)
("C:\Program Files (x86)\MiKTeX 2.9\tex\latex\titlesec\titlesec.sty"
Package: titlesec 2011/12/15 v2.10.0 Sectioning titles
\ttl@box=\box26
\beforetitleunit=\skip47
\aftertitleunit=\skip48
\ttl@plus=\dimen106
\ttl@minus=\dimen107
\ttl@toksa=\toks15
\titlewidth=\dimen108
\titlewidthlast=\dimen109
\titlewidthfirst=\dimen110
)
("C:\Program Files (x86)\MiKTeX 2.9\tex\latex\fancyhdr\fancyhdr.sty"
\fancy@headwidth=\skip49
\f@ncyO@elh=\skip50
\f@ncyO@erh=\skip51
\f@ncyO@olh=\skip52
\f@ncyO@orh=\skip53
\f@ncyO@elf=\skip54
\f@ncyO@erf=\skip55
\f@ncyO@olf=\skip56
\f@ncyO@orf=\skip57
)
("C:\Program Files (x86)\MiKTeX 2.9\tex\latex\xcolor\xcolor.sty"
Package: xcolor 2007/01/21 v2.11 LaTeX color extensions (UK)

("C:\Program Files (x86)\MiKTeX 2.9\tex\latex\00miktex\color.cfg"
File: color.cfg 2007/01/18 v1.5 color configuration of teTeX/TeXLive
)
Package xcolor Info: Package option `usenames' ignored on input line 216.
Package xcolor Info: Driver file: pdftex.def on input line 225.

("C:\Program Files (x86)\MiKTeX 2.9\tex\latex\colortbl\colortbl.sty"
Package: colortbl 2012/02/13 v1.0a Color table columns (DPC)

("C:\Program Files (x86)\MiKTeX 2.9\tex\latex\tools\array.sty"
Package: array 2014/10/28 v2.4c Tabular extension package (FMi)
\col@sep=\dimen111
\extrarowheight=\dimen112
\NC@list=\toks16
\extratabsurround=\skip58
\backup@length=\skip59
)
\everycr=\toks17
\minrowclearance=\skip60
)
\rownum=\count91
Package xcolor Info: Model `cmy' substituted by `cmy0' on input line 1337.
Package xcolor Info: Model `hsb' substituted by `rgb' on input line 1341.
Package xcolor Info: Model `RGB' extended on input line 1353.
Package xcolor Info: Model `HTML' substituted by `rgb' on input line 1355.
Package xcolor Info: Model `Hsb' substituted by `hsb' on input line 1356.
Package xcolor Info: Model `tHsb' substituted by `hsb' on input line 1357.
Package xcolor Info: Model `HSB' substituted by `hsb' on input line 1358.
Package xcolor Info: Model `Gray' substituted by `gray' on input line 1359.
Package xcolor Info: Model `wave' substituted by `hsb' on input line 1360.

("C:\Program Files (x86)\MiKTeX 2.9\tex\latex\graphics\dvipsnam.def"
File: dvipsnam.def 2014/10/14 v3.0j Driver-dependent file (DPC,SPQR)
)
("C:\Program Files (x86)\MiKTeX 2.9\tex\latex\xcolor\svgnam.def"
File: svgnam.def 2007/01/21 v2.11 Predefined colors according to SVG 1.1 (UK)
))
("C:\Program Files (x86)\MiKTeX 2.9\tex\latex\koma-script\tocstyle.sty"
Package: tocstyle 2013/08/11 v0.2e-alpha KOMA-Script package (versatile toc sty
les)


Package tocstyle Warning: THIS IS AN ALPHA VERSION!
(tocstyle)                USAGE OF THIS VERSION IS ON YOUR OWN RISK!
(tocstyle)                EVERYTHING MAY HAPPEN!
(tocstyle)                EVERYTHING MAY CHANGE IN FUTURE!
(tocstyle)                THERE IS NO SUPPORT, IF YOU USE THIS PACKAGE!
(tocstyle)                Maybe it would be better, not to load this package.

\tocstyle@indentstyle=\count92
Package tocstyle Info: no tocstyle.cfg found on input line 856.
)
exclude: 
exclude: 
exclude: 
exclude: 
exclude: 
("C:\Program Files (x86)\MiKTeX 2.9\tex\latex\hyperref\hyperref.sty"
Package: hyperref 2012/11/06 v6.83m Hypertext links for LaTeX

("C:\Program Files (x86)\MiKTeX 2.9\tex\generic\oberdiek\hobsub-hyperref.sty"
Package: hobsub-hyperref 2012/04/25 v1.12 Bundle oberdiek, subset hyperref (HO)


("C:\Program Files (x86)\MiKTeX 2.9\tex\generic\oberdiek\hobsub-generic.sty"
Package: hobsub-generic 2012/04/25 v1.12 Bundle oberdiek, subset generic (HO)
Package: hobsub 2012/04/25 v1.12 Construct package bundles (HO)
Package hobsub Info: Skipping package `infwarerr' (already loaded).
Package hobsub Info: Skipping package `ltxcmds' (already loaded).
Package: ifluatex 2010/03/01 v1.3 Provides the ifluatex switch (HO)
Package ifluatex Info: LuaTeX not detected.
Package: ifvtex 2010/03/01 v1.5 Detect VTeX and its facilities (HO)
Package ifvtex Info: VTeX not detected.
Package: intcalc 2007/09/27 v1.1 Expandable calculations with integers (HO)
Package: ifpdf 2011/01/30 v2.3 Provides the ifpdf switch (HO)
Package ifpdf Info: pdfTeX in PDF mode is detected.
Package: etexcmds 2011/02/16 v1.5 Avoid name clashes with e-TeX commands (HO)
Package etexcmds Info: Could not find \expanded.
(etexcmds)             That can mean that you are not using pdfTeX 1.50 or
(etexcmds)             that some package has redefined \expanded.
(etexcmds)             In the latter case, load this package earlier.
Package: kvsetkeys 2012/04/25 v1.16 Key value parser (HO)
Package: kvdefinekeys 2011/04/07 v1.3 Define keys (HO)
Package: pdftexcmds 2011/11/29 v0.20 Utility functions of pdfTeX for LuaTeX (HO
)
Package pdftexcmds Info: LuaTeX not detected.
Package pdftexcmds Info: \pdf@primitive is available.
Package pdftexcmds Info: \pdf@ifprimitive is available.
Package pdftexcmds Info: \pdfdraftmode found.
Package: pdfescape 2011/11/25 v1.13 Implements pdfTeX's escape features (HO)
Package: bigintcalc 2012/04/08 v1.3 Expandable calculations on big integers (HO
)
Package: bitset 2011/01/30 v1.1 Handle bit-vector datatype (HO)
Package: uniquecounter 2011/01/30 v1.2 Provide unlimited unique counter (HO)
)
Package hobsub Info: Skipping package `hobsub' (already loaded).
Package: letltxmacro 2010/09/02 v1.4 Let assignment for LaTeX macros (HO)
Package: hopatch 2011/06/24 v1.1 Wrapper for package hooks (HO)
Package: xcolor-patch 2011/01/30 xcolor patch
Package: atveryend 2011/06/30 v1.8 Hooks at the very end of document (HO)
Package atveryend Info: \enddocument detected (standard20110627).
Package: atbegshi 2011/10/05 v1.16 At begin shipout hook (HO)
Package: refcount 2011/10/16 v3.4 Data extraction from label references (HO)
Package: hycolor 2011/01/30 v1.7 Color options for hyperref/bookmark (HO)
)
("C:\Program Files (x86)\MiKTeX 2.9\tex\generic\ifxetex\ifxetex.sty"
Package: ifxetex 2010/09/12 v0.6 Provides ifxetex conditional
)
("C:\Program Files (x86)\MiKTeX 2.9\tex\latex\oberdiek\auxhook.sty"
Package: auxhook 2011/03/04 v1.3 Hooks for auxiliary files (HO)
)
("C:\Program Files (x86)\MiKTeX 2.9\tex\latex\oberdiek\kvoptions.sty"
Package: kvoptions 2011/06/30 v3.11 Key value format for package options (HO)
)
\@linkdim=\dimen113
\Hy@linkcounter=\count93
\Hy@pagecounter=\count94

("C:\Program Files (x86)\MiKTeX 2.9\tex\latex\hyperref\pd1enc.def"
File: pd1enc.def 2012/11/06 v6.83m Hyperref: PDFDocEncoding definition (HO)
)
\Hy@SavedSpaceFactor=\count95

("C:\Program Files (x86)\MiKTeX 2.9\tex\latex\00miktex\hyperref.cfg"
File: hyperref.cfg 2002/06/06 v1.2 hyperref configuration of TeXLive
)
Package hyperref Info: Option `bookmarksnumbered' set `true' on input line 4319
.
Package hyperref Info: Option `breaklinks' set `true' on input line 4319.
Package hyperref Info: Option `unicode' set `true' on input line 4319.

("C:\Program Files (x86)\MiKTeX 2.9\tex\latex\hyperref\puenc.def"
File: puenc.def 2012/11/06 v6.83m Hyperref: PDF Unicode definition (HO)
)
Package hyperref Info: Option `colorlinks' set `true' on input line 4319.
Package hyperref Info: Hyper figures OFF on input line 4443.
Package hyperref Info: Link nesting OFF on input line 4448.
Package hyperref Info: Hyper index ON on input line 4451.
Package hyperref Info: Plain pages OFF on input line 4458.
Package hyperref Info: Backreferencing OFF on input line 4463.
Package hyperref Info: Implicit mode ON; LaTeX internals redefined.
Package hyperref Info: Bookmarks ON on input line 4688.
\c@Hy@tempcnt=\count96

("C:\Program Files (x86)\MiKTeX 2.9\tex\latex\url\url.sty"
\Urlmuskip=\muskip10
Package: url 2013/09/16  ver 3.4  Verb mode for urls, etc.
)
LaTeX Info: Redefining \url on input line 5041.
\XeTeXLinkMargin=\dimen114
\Fld@menulength=\count97
\Field@Width=\dimen115
\Fld@charsize=\dimen116
Package hyperref Info: Hyper figures OFF on input line 6295.
Package hyperref Info: Link nesting OFF on input line 6300.
Package hyperref Info: Hyper index ON on input line 6303.
Package hyperref Info: backreferencing OFF on input line 6310.
Package hyperref Info: Link coloring ON on input line 6313.
Package hyperref Info: Link coloring with OCG OFF on input line 6320.
Package hyperref Info: PDF/A mode OFF on input line 6325.
LaTeX Info: Redefining \ref on input line 6365.
LaTeX Info: Redefining \pageref on input line 6369.
\Hy@abspage=\count98
\c@Item=\count99
\c@Hfootnote=\count100
)

Package hyperref Message: Driver (autodetected): hpdftex.

("C:\Program Files (x86)\MiKTeX 2.9\tex\latex\hyperref\hpdftex.def"
File: hpdftex.def 2012/11/06 v6.83m Hyperref driver for pdfTeX
\Fld@listcount=\count101
\c@bookmark@seq@number=\count102

("C:\Program Files (x86)\MiKTeX 2.9\tex\latex\oberdiek\rerunfilecheck.sty"
Package: rerunfilecheck 2011/04/15 v1.7 Rerun checks for auxiliary files (HO)
Package uniquecounter Info: New unique counter `rerunfilecheck' on input line 2
82.
)
\Hy@SectionHShift=\skip61
)
("C:\Program Files (x86)\MiKTeX 2.9\tex\latex\oberdiek\hypcap.sty"
Package: hypcap 2011/02/16 v1.11 Adjusting the anchors of captions (HO)
)
("C:\Program Files (x86)\MiKTeX 2.9\tex\latex\psnfss\times.sty"
Package: times 2005/04/12 PSNFSS-v9.2a (SPQR) 
)
("C:\Program Files (x86)\MiKTeX 2.9\tex\latex\base\fontenc.sty"
Package: fontenc 2005/09/27 v1.99g Standard LaTeX package

("C:\Program Files (x86)\MiKTeX 2.9\tex\latex\base\t1enc.def"
File: t1enc.def 2005/09/27 v1.99g Standard LaTeX file
LaTeX Font Info:    Redeclaring font encoding T1 on input line 48.
))
("C:\Program Files (x86)\MiKTeX 2.9\tex\latex\abntex2\abntex2cite.sty"
Package: abntex2cite 2016/02/26 v-1.9.6 abnTeX2

("C:\Program Files (x86)\MiKTeX 2.9\tex\latex\base\ifthen.sty"
Package: ifthen 2014/09/29 v1.1c Standard LaTeX ifthen package (DPC)
)
("C:\Program Files (x86)\MiKTeX 2.9\tex\latex\tools\calc.sty"
Package: calc 2014/10/28 v4.3 Infix arithmetic (KKT,FJ)
\calc@Acount=\count103
\calc@Bcount=\count104
\calc@Adimen=\dimen117
\calc@Bdimen=\dimen118
\calc@Askip=\skip62
\calc@Bskip=\skip63
LaTeX Info: Redefining \setlength on input line 80.
LaTeX Info: Redefining \addtolength on input line 81.
\calc@Ccount=\count105
\calc@Cskip=\skip64
)
("C:\Program Files (x86)\MiKTeX 2.9\tex\latex\abntex2\abntex2abrev.sty")
\minimumbiblabelwidth=\skip65
\ABCIauxlen=\skip66
\c@ABCIaux=\count106
\c@ABCImax=\count107

("C:\Program Files (x86)\MiKTeX 2.9\tex\latex\ltxmisc\relsize.sty"
Package: relsize 2003/07/04 ver 3.1
)
\biblabelsep=\skip67
LaTeX Info: Redefining \newblock on input line 591.
LaTeX Info: Redefining \cite on input line 618.
\ABCItoken=\toks18
)
("C:\Program Files (x86)\MiKTeX 2.9\tex\latex\geometry\geometry.sty"
Package: geometry 2010/09/12 v5.6 Page Geometry
\Gm@cnth=\count108
\Gm@cntv=\count109
\c@Gm@tempcnt=\count110
\Gm@bindingoffset=\dimen119
\Gm@wd@mp=\dimen120
\Gm@odd@mp=\dimen121
\Gm@even@mp=\dimen122
\Gm@layoutwidth=\dimen123
\Gm@layoutheight=\dimen124
\Gm@layouthoffset=\dimen125
\Gm@layoutvoffset=\dimen126
\Gm@dimlist=\toks19

("C:\Program Files (x86)\MiKTeX 2.9\tex\latex\geometry\geometry.cfg"))
\c@ii@authorcount=\count111
\c@kwcounter=\count112
\titlepagewinwidth=\skip68
\titlepagewinheight=\skip69
\titlepagewinvoffset=\skip70
\dottedspace=\skip71
\c@schapter=\count113

("C:\Program Files (x86)\MiKTeX 2.9\tex\latex\float\float.sty"
Package: float 2001/11/08 v1.3d Float enhancements (AL)
\c@float@type=\count114
\float@exts=\toks20
\float@box=\box27
\@float@everytoks=\toks21
\@floatcapt=\box28
)
\@float@every@figure=\toks22
\@float@every@table=\toks23
) (cic.def
File: cic.def 2014/04/12 Definições para a CIC
)
(dipl.def
File: dipl.def 2014/04/14 Projeto de Diplomação
) (nominata.def)
("C:\Program Files (x86)\MiKTeX 2.9\tex\latex\base\inputenc.sty"
Package: inputenc 2015/03/17 v1.2c Input encoding file
\inpenc@prehook=\toks24
\inpenc@posthook=\toks25

("C:\Program Files (x86)\MiKTeX 2.9\tex\latex\base\utf8.def"
File: utf8.def 2015/06/27 v1.1n UTF-8 support for inputenc
Now handling font encoding OML ...
... no UTF-8 mapping file for font encoding OML
Now handling font encoding T1 ...
... processing UTF-8 mapping file for font encoding T1

("C:\Program Files (x86)\MiKTeX 2.9\tex\latex\base\t1enc.dfu"
File: t1enc.dfu 2015/06/27 v1.1n UTF-8 support for inputenc
   defining Unicode char U+00A1 (decimal 161)
   defining Unicode char U+00A3 (decimal 163)
   defining Unicode char U+00AB (decimal 171)
   defining Unicode char U+00BB (decimal 187)
   defining Unicode char U+00BF (decimal 191)
   defining Unicode char U+00C0 (decimal 192)
   defining Unicode char U+00C1 (decimal 193)
   defining Unicode char U+00C2 (decimal 194)
   defining Unicode char U+00C3 (decimal 195)
   defining Unicode char U+00C4 (decimal 196)
   defining Unicode char U+00C5 (decimal 197)
   defining Unicode char U+00C6 (decimal 198)
   defining Unicode char U+00C7 (decimal 199)
   defining Unicode char U+00C8 (decimal 200)
   defining Unicode char U+00C9 (decimal 201)
   defining Unicode char U+00CA (decimal 202)
   defining Unicode char U+00CB (decimal 203)
   defining Unicode char U+00CC (decimal 204)
   defining Unicode char U+00CD (decimal 205)
   defining Unicode char U+00CE (decimal 206)
   defining Unicode char U+00CF (decimal 207)
   defining Unicode char U+00D0 (decimal 208)
   defining Unicode char U+00D1 (decimal 209)
   defining Unicode char U+00D2 (decimal 210)
   defining Unicode char U+00D3 (decimal 211)
   defining Unicode char U+00D4 (decimal 212)
   defining Unicode char U+00D5 (decimal 213)
   defining Unicode char U+00D6 (decimal 214)
   defining Unicode char U+00D8 (decimal 216)
   defining Unicode char U+00D9 (decimal 217)
   defining Unicode char U+00DA (decimal 218)
   defining Unicode char U+00DB (decimal 219)
   defining Unicode char U+00DC (decimal 220)
   defining Unicode char U+00DD (decimal 221)
   defining Unicode char U+00DE (decimal 222)
   defining Unicode char U+00DF (decimal 223)
   defining Unicode char U+00E0 (decimal 224)
   defining Unicode char U+00E1 (decimal 225)
   defining Unicode char U+00E2 (decimal 226)
   defining Unicode char U+00E3 (decimal 227)
   defining Unicode char U+00E4 (decimal 228)
   defining Unicode char U+00E5 (decimal 229)
   defining Unicode char U+00E6 (decimal 230)
   defining Unicode char U+00E7 (decimal 231)
   defining Unicode char U+00E8 (decimal 232)
   defining Unicode char U+00E9 (decimal 233)
   defining Unicode char U+00EA (decimal 234)
   defining Unicode char U+00EB (decimal 235)
   defining Unicode char U+00EC (decimal 236)
   defining Unicode char U+00ED (decimal 237)
   defining Unicode char U+00EE (decimal 238)
   defining Unicode char U+00EF (decimal 239)
   defining Unicode char U+00F0 (decimal 240)
   defining Unicode char U+00F1 (decimal 241)
   defining Unicode char U+00F2 (decimal 242)
   defining Unicode char U+00F3 (decimal 243)
   defining Unicode char U+00F4 (decimal 244)
   defining Unicode char U+00F5 (decimal 245)
   defining Unicode char U+00F6 (decimal 246)
   defining Unicode char U+00F8 (decimal 248)
   defining Unicode char U+00F9 (decimal 249)
   defining Unicode char U+00FA (decimal 250)
   defining Unicode char U+00FB (decimal 251)
   defining Unicode char U+00FC (decimal 252)
   defining Unicode char U+00FD (decimal 253)
   defining Unicode char U+00FE (decimal 254)
   defining Unicode char U+00FF (decimal 255)
   defining Unicode char U+0102 (decimal 258)
   defining Unicode char U+0103 (decimal 259)
   defining Unicode char U+0104 (decimal 260)
   defining Unicode char U+0105 (decimal 261)
   defining Unicode char U+0106 (decimal 262)
   defining Unicode char U+0107 (decimal 263)
   defining Unicode char U+010C (decimal 268)
   defining Unicode char U+010D (decimal 269)
   defining Unicode char U+010E (decimal 270)
   defining Unicode char U+010F (decimal 271)
   defining Unicode char U+0110 (decimal 272)
   defining Unicode char U+0111 (decimal 273)
   defining Unicode char U+0118 (decimal 280)
   defining Unicode char U+0119 (decimal 281)
   defining Unicode char U+011A (decimal 282)
   defining Unicode char U+011B (decimal 283)
   defining Unicode char U+011E (decimal 286)
   defining Unicode char U+011F (decimal 287)
   defining Unicode char U+0130 (decimal 304)
   defining Unicode char U+0131 (decimal 305)
   defining Unicode char U+0132 (decimal 306)
   defining Unicode char U+0133 (decimal 307)
   defining Unicode char U+0139 (decimal 313)
   defining Unicode char U+013A (decimal 314)
   defining Unicode char U+013D (decimal 317)
   defining Unicode char U+013E (decimal 318)
   defining Unicode char U+0141 (decimal 321)
   defining Unicode char U+0142 (decimal 322)
   defining Unicode char U+0143 (decimal 323)
   defining Unicode char U+0144 (decimal 324)
   defining Unicode char U+0147 (decimal 327)
   defining Unicode char U+0148 (decimal 328)
   defining Unicode char U+014A (decimal 330)
   defining Unicode char U+014B (decimal 331)
   defining Unicode char U+0150 (decimal 336)
   defining Unicode char U+0151 (decimal 337)
   defining Unicode char U+0152 (decimal 338)
   defining Unicode char U+0153 (decimal 339)
   defining Unicode char U+0154 (decimal 340)
   defining Unicode char U+0155 (decimal 341)
   defining Unicode char U+0158 (decimal 344)
   defining Unicode char U+0159 (decimal 345)
   defining Unicode char U+015A (decimal 346)
   defining Unicode char U+015B (decimal 347)
   defining Unicode char U+015E (decimal 350)
   defining Unicode char U+015F (decimal 351)
   defining Unicode char U+0160 (decimal 352)
   defining Unicode char U+0161 (decimal 353)
   defining Unicode char U+0162 (decimal 354)
   defining Unicode char U+0163 (decimal 355)
   defining Unicode char U+0164 (decimal 356)
   defining Unicode char U+0165 (decimal 357)
   defining Unicode char U+016E (decimal 366)
   defining Unicode char U+016F (decimal 367)
   defining Unicode char U+0170 (decimal 368)
   defining Unicode char U+0171 (decimal 369)
   defining Unicode char U+0178 (decimal 376)
   defining Unicode char U+0179 (decimal 377)
   defining Unicode char U+017A (decimal 378)
   defining Unicode char U+017B (decimal 379)
   defining Unicode char U+017C (decimal 380)
   defining Unicode char U+017D (decimal 381)
   defining Unicode char U+017E (decimal 382)
   defining Unicode char U+200C (decimal 8204)
   defining Unicode char U+2013 (decimal 8211)
   defining Unicode char U+2014 (decimal 8212)
   defining Unicode char U+2018 (decimal 8216)
   defining Unicode char U+2019 (decimal 8217)
   defining Unicode char U+201A (decimal 8218)
   defining Unicode char U+201C (decimal 8220)
   defining Unicode char U+201D (decimal 8221)
   defining Unicode char U+201E (decimal 8222)
   defining Unicode char U+2030 (decimal 8240)
   defining Unicode char U+2031 (decimal 8241)
   defining Unicode char U+2039 (decimal 8249)
   defining Unicode char U+203A (decimal 8250)
   defining Unicode char U+2423 (decimal 9251)
)
Now handling font encoding OT1 ...
... processing UTF-8 mapping file for font encoding OT1

("C:\Program Files (x86)\MiKTeX 2.9\tex\latex\base\ot1enc.dfu"
File: ot1enc.dfu 2015/06/27 v1.1n UTF-8 support for inputenc
   defining Unicode char U+00A1 (decimal 161)
   defining Unicode char U+00A3 (decimal 163)
   defining Unicode char U+00B8 (decimal 184)
   defining Unicode char U+00BF (decimal 191)
   defining Unicode char U+00C5 (decimal 197)
   defining Unicode char U+00C6 (decimal 198)
   defining Unicode char U+00D8 (decimal 216)
   defining Unicode char U+00DF (decimal 223)
   defining Unicode char U+00E6 (decimal 230)
   defining Unicode char U+00EC (decimal 236)
   defining Unicode char U+00ED (decimal 237)
   defining Unicode char U+00EE (decimal 238)
   defining Unicode char U+00EF (decimal 239)
   defining Unicode char U+00F8 (decimal 248)
   defining Unicode char U+0131 (decimal 305)
   defining Unicode char U+0141 (decimal 321)
   defining Unicode char U+0142 (decimal 322)
   defining Unicode char U+0152 (decimal 338)
   defining Unicode char U+0153 (decimal 339)
   defining Unicode char U+2013 (decimal 8211)
   defining Unicode char U+2014 (decimal 8212)
   defining Unicode char U+2018 (decimal 8216)
   defining Unicode char U+2019 (decimal 8217)
   defining Unicode char U+201C (decimal 8220)
   defining Unicode char U+201D (decimal 8221)
)
Now handling font encoding OMS ...
... processing UTF-8 mapping file for font encoding OMS

("C:\Program Files (x86)\MiKTeX 2.9\tex\latex\base\omsenc.dfu"
File: omsenc.dfu 2015/06/27 v1.1n UTF-8 support for inputenc
   defining Unicode char U+00A7 (decimal 167)
   defining Unicode char U+00B6 (decimal 182)
   defining Unicode char U+00B7 (decimal 183)
   defining Unicode char U+2020 (decimal 8224)
   defining Unicode char U+2021 (decimal 8225)
   defining Unicode char U+2022 (decimal 8226)
)
Now handling font encoding OMX ...
... no UTF-8 mapping file for font encoding OMX
Now handling font encoding U ...
... no UTF-8 mapping file for font encoding U
Now handling font encoding PD1 ...
... no UTF-8 mapping file for font encoding PD1
Now handling font encoding PU ...
... no UTF-8 mapping file for font encoding PU
   defining Unicode char U+00A9 (decimal 169)
   defining Unicode char U+00AA (decimal 170)
   defining Unicode char U+00AE (decimal 174)
   defining Unicode char U+00BA (decimal 186)
   defining Unicode char U+02C6 (decimal 710)
   defining Unicode char U+02DC (decimal 732)
   defining Unicode char U+200C (decimal 8204)
   defining Unicode char U+2026 (decimal 8230)
   defining Unicode char U+2122 (decimal 8482)
   defining Unicode char U+2423 (decimal 9251)
))
("C:\Program Files (x86)\MiKTeX 2.9\tex\latex\cite\cite.sty"
LaTeX Info: Redefining \citen on input line 81.
LaTeX Info: Redefining \cite on input line 302.
LaTeX Info: Redefining \nocite on input line 332.
Package: cite 2015/02/27  v 5.5
)
("C:\Program Files (x86)\MiKTeX 2.9\tex\latex\subfig\subfig.sty"
Package: subfig 2005/06/28 ver: 1.3 subfig package

("C:\Program Files (x86)\MiKTeX 2.9\tex\latex\caption\caption.sty"
Package: caption 2015/09/17 v3.3-111 Customizing captions (AR)

("C:\Program Files (x86)\MiKTeX 2.9\tex\latex\caption\caption3.sty"
Package: caption3 2015/09/20 v1.7-115 caption3 kernel (AR)
Package caption3 Info: TeX engine: e-TeX on input line 57.
\captionmargin=\dimen127
\captionmargin@=\dimen128
\captionwidth=\dimen129
\caption@tempdima=\dimen130
\caption@indent=\dimen131
\caption@parindent=\dimen132
\caption@hangindent=\dimen133
Package caption Info: Unknown document class (or package),
(caption)             standard defaults will be used.
)

Package caption Warning: Unsupported document class (or package) detected,
(caption)                usage of the caption package is not recommended.
See the caption package documentation for explanation.

Package caption Info: \@makecaption = \long macro:#1#2->\let \@conttempa \relax
 \ifdim \prevdepth >-99\p@ \vskip \abovecaptionskip \else \def \@conttempa {\vb
ox to\topskip {}}\fi \let \@contfnote \footnote \renewcommand {\footnote }[2][]
{} \let \@contfmark \footnotemark \renewcommand {\footnotemark }[1][]{} \let \@
contlabel \label \renewcommand {\label }[1]{} \sbox \@tempboxa {\@contnfont #1\
@contdelim \@conttfont #2} \let \footnote \@contfnote \let \footnotemark \@cont
fmark \let \label \@contlabel \ifdim \wd \@tempboxa <\linewidth \centering \fi 
\if@contcw \centering \parbox {\@contcwidth }{\fi \if@conthang \sbox \@tempboxa
 {\@contnfont #1\@contdelim } \@contpre {\@contnfont #1\@contdelim }\@conttempa
 {\@contcstyle \hangindent =\wd \@tempboxa \hangafter =\@ne \@conttfont #2\par 
} \else \if@contindent \@contpre {\@contnfont #1\@contdelim }\@conttempa {\@con
tcstyle \hangindent =\@contindw \hangafter =\@ne \@conttfont #2\par } \else \@c
ontpre {\@contnfont #1\@contdelim }\@conttempa {\@contcstyle \@conttfont #2\par
 } \fi \fi \@contpost \if@contcw \par } \fi \vskip \belowcaptionskip .
\c@ContinuedFloat=\count115
Package caption Info: float package is loaded.
Package caption Info: hyperref package is loaded.
Package caption Info: hypcap package is loaded.
)
\c@KVtest=\count116
\sf@farskip=\skip72
\sf@captopadj=\dimen134
\sf@capskip=\skip73
\sf@nearskip=\skip74
\c@subfigure=\count117
\c@subfigure@save=\count118
\c@lofdepth=\count119
\c@subtable=\count120
\c@subtable@save=\count121
\c@lotdepth=\count122
\sf@top=\skip75
\sf@bottom=\skip76
) (pbr_scene_converter.aux

LaTeX Warning: Label `breakfast_Lux' multiply defined.


LaTeX Warning: Label `sub@breakfast_Lux' multiply defined.


LaTeX Warning: Label `breakfast_PBRT' multiply defined.


LaTeX Warning: Label `sub@breakfast_PBRT' multiply defined.


LaTeX Warning: Label `breakfast_Mitsuba' multiply defined.


LaTeX Warning: Label `sub@breakfast_Mitsuba' multiply defined.

)
LaTeX Font Info:    Checking defaults for OML/cmm/m/it on input line 29.
LaTeX Font Info:    ... okay on input line 29.
LaTeX Font Info:    Checking defaults for T1/cmr/m/n on input line 29.
LaTeX Font Info:    ... okay on input line 29.
LaTeX Font Info:    Checking defaults for OT1/cmr/m/n on input line 29.
LaTeX Font Info:    ... okay on input line 29.
LaTeX Font Info:    Checking defaults for OMS/cmsy/m/n on input line 29.
LaTeX Font Info:    ... okay on input line 29.
LaTeX Font Info:    Checking defaults for OMX/cmex/m/n on input line 29.
LaTeX Font Info:    ... okay on input line 29.
LaTeX Font Info:    Checking defaults for U/cmr/m/n on input line 29.
LaTeX Font Info:    ... okay on input line 29.
LaTeX Font Info:    Checking defaults for PD1/pdf/m/n on input line 29.
LaTeX Font Info:    ... okay on input line 29.
LaTeX Font Info:    Checking defaults for PU/pdf/m/n on input line 29.
LaTeX Font Info:    ... okay on input line 29.
LaTeX Font Info:    Try loading font information for T1+ptm on input line 29.
 ("C:\Program Files (x86)\MiKTeX 2.9\tex\latex\psnfss\t1ptm.fd"
File: t1ptm.fd 2001/06/04 font definitions for T1/ptm.
)
Package lastpage Info: Please have a look at the pageslts package at
(lastpage)             https://www.ctan.org/pkg/pageslts
(lastpage)             ! on input line 29.

("C:\Program Files (x86)\MiKTeX 2.9\tex\context\base\supp-pdf.mkii"
[Loading MPS to PDF converter (version 2006.09.02).]
\scratchcounter=\count123
\scratchdimen=\dimen135
\scratchbox=\box29
\nofMPsegments=\count124
\nofMParguments=\count125
\everyMPshowfont=\toks26
\MPscratchCnt=\count126
\MPscratchDim=\dimen136
\MPnumerator=\count127
\makeMPintoPDFobject=\count128
\everyMPtoPDFconversion=\toks27
)
LaTeX Font Info:    Font shape `T1/ptm/bx/n' in size <14.4> not available
(Font)              Font shape `T1/ptm/b/n' tried instead on input line 29.
Package tocstyle Info: prepare \l@part for redefinition on input line 29.
LaTeX Font Info:    Font shape `T1/ptm/bx/n' in size <12> not available
(Font)              Font shape `T1/ptm/b/n' tried instead on input line 29.
Package tocstyle Info: prepare \l@chapter for redefinition on input line 29.
Package tocstyle Info: prepare \l@section for redefinition on input line 29.
LaTeX Font Info:    External font `cmex10' loaded for size
(Font)              <12> on input line 29.
LaTeX Font Info:    External font `cmex10' loaded for size
(Font)              <8> on input line 29.
LaTeX Font Info:    External font `cmex10' loaded for size
(Font)              <6> on input line 29.
Package tocstyle Info: prepare \l@subsection for redefinition on input line 29.

Package tocstyle Info: prepare \l@subsubsection for redefinition on input line 
29.
Package tocstyle Info: prepare \l@table for redefinition on input line 29.
Package tocstyle Info: prepare \l@figure for redefinition on input line 29.
\AtBeginShipoutBox=\box30
Package hyperref Info: Link coloring ON on input line 29.
 ("C:\Program Files (x86)\MiKTeX 2.9\tex\latex\hyperref\nameref.sty"
Package: nameref 2012/10/27 v2.43 Cross-referencing by name of section

("C:\Program Files (x86)\MiKTeX 2.9\tex\generic\oberdiek\gettitlestring.sty"
Package: gettitlestring 2010/12/03 v1.4 Cleanup title references (HO)
)
\c@section@level=\count129
)
LaTeX Info: Redefining \ref on input line 29.
LaTeX Info: Redefining \pageref on input line 29.
LaTeX Info: Redefining \nameref on input line 29.

(pbr_scene_converter.out) (pbr_scene_converter.out)
\@outlinefile=\write3

*geometry* driver: auto-detecting
*geometry* detected driver: pdftex
*geometry* verbose mode - [ preamble ] result:
* driver: pdftex
* paper: <default>
* layout: <same size as paper>
* layoutoffset:(h,v)=(0.0pt,0.0pt)
* modes: twoside 
* h-part:(L,W,R)=(85.35826pt, 426.79135pt, 85.35826pt)
* v-part:(T,H,B)=(85.35826pt, 702.78308pt, 56.9055pt)
* \paperwidth=597.50787pt
* \paperheight=845.04684pt
* \textwidth=426.79135pt
* \textheight=702.78308pt
* \oddsidemargin=13.08827pt
* \evensidemargin=13.08827pt
* \topmargin=-27.36447pt
* \headheight=12.0pt
* \headsep=28.45274pt
* \topskip=12.0pt
* \footskip=30.0pt
* \marginparwidth=85.0pt
* \marginparsep=10.0pt
* \columnsep=10.0pt
* \skip\footins=10.8pt plus 4.0pt minus 2.0pt
* \hoffset=0.0pt
* \voffset=0.0pt
* \mag=1000
* \@twocolumnfalse
* \@twosidetrue
* \@mparswitchtrue
* \@reversemarginfalse
* (1in=72.27pt=25.4mm, 1cm=28.453pt)

Package caption Info: Begin \AtBeginDocument code.
Package caption Info: subfig package v1.3 is loaded.
Package caption Info: End \AtBeginDocument code.
[1

{C:/Users/Manuel/AppData/Local/MiKTeX/2.9/pdftex/config/pdftex.map}] [2


]
Underfull \hbox (badness 10000) in paragraph at lines 49--53

 []

[3

]
Package babel Info: Redefining portuges shorthand "|
(babel)             in language  on input line 58.
 [4

] (pbr_scene_converter.lof
number indent by \l@... (lof, 1):  18.0pt
text indent by \l@... (lof, 1):  27.60004pt
number indent by parent (lof, 1):  18.0pt
text indent calculated (lof, 1): 21.0pt
number indent calculated (lof, 1): 18.0pt
text noindent (lof, 1): 21.0pt
number noindent (lof, 1): 0.0pt

LaTeX Warning: Citation `laubwerk' on page 5 undefined on input line 12.

number indent by \l@... (lof, 1):  18.0pt
text indent by \l@... (lof, 1):  27.60004pt
number indent by parent (lof, 1):  18.0pt
text indent calculated (lof, 1): 21.0pt
number indent calculated (lof, 1): 18.0pt
text noindent (lof, 1): 21.0pt
number noindent (lof, 1): 0.0pt
number indent by \l@... (lof, 1):  18.0pt
text indent by \l@... (lof, 1):  27.60004pt
number indent by parent (lof, 1):  18.0pt
text indent calculated (lof, 1): 21.0pt
number indent calculated (lof, 1): 18.0pt
text noindent (lof, 1): 21.0pt
number noindent (lof, 1): 0.0pt
number indent by \l@... (lof, 1):  18.0pt
text indent by \l@... (lof, 1):  27.60004pt
number indent by parent (lof, 1):  18.0pt
text indent calculated (lof, 1): 21.0pt
number indent calculated (lof, 1): 18.0pt
text noindent (lof, 1): 21.0pt
number noindent (lof, 1): 0.0pt
number indent by \l@... (lof, 1):  18.0pt
text indent by \l@... (lof, 1):  27.60004pt
number indent by parent (lof, 1):  18.0pt
text indent calculated (lof, 1): 21.0pt
number indent calculated (lof, 1): 18.0pt
text noindent (lof, 1): 21.0pt
number noindent (lof, 1): 0.0pt
number indent by \l@... (lof, 1):  18.0pt
text indent by \l@... (lof, 1):  27.60004pt
number indent by parent (lof, 1):  18.0pt
text indent calculated (lof, 1): 21.0pt
number indent calculated (lof, 1): 18.0pt
text noindent (lof, 1): 21.0pt
number noindent (lof, 1): 0.0pt
number indent by \l@... (lof, 1):  18.0pt
text indent by \l@... (lof, 1):  27.60004pt
number indent by parent (lof, 1):  18.0pt
text indent calculated (lof, 1): 21.0pt
number indent calculated (lof, 1): 18.0pt
text noindent (lof, 1): 21.0pt
number noindent (lof, 1): 0.0pt
number indent by \l@... (lof, 1):  18.0pt
text indent by \l@... (lof, 1):  27.60004pt
number indent by parent (lof, 1):  18.0pt
text indent calculated (lof, 1): 21.0pt
number indent calculated (lof, 1): 18.0pt
text noindent (lof, 1): 21.0pt
number noindent (lof, 1): 0.0pt
number indent by \l@... (lof, 1):  18.0pt
text indent by \l@... (lof, 1):  27.60004pt
number indent by parent (lof, 1):  18.0pt
text indent calculated (lof, 1): 21.0pt
number indent calculated (lof, 1): 18.0pt
text noindent (lof, 1): 21.0pt
number noindent (lof, 1): 0.0pt
number indent by \l@... (lof, 1):  18.0pt
text indent by \l@... (lof, 1):  27.60004pt
number indent by parent (lof, 1):  18.0pt
text indent calculated (lof, 1): 21.0pt
number indent calculated (lof, 1): 18.0pt
text noindent (lof, 1): 21.0pt
number noindent (lof, 1): 0.0pt
number indent by \l@... (lof, 1):  18.0pt
text indent by \l@... (lof, 1):  27.60004pt
number indent by parent (lof, 1):  18.0pt
text indent calculated (lof, 1): 21.0pt
number indent calculated (lof, 1): 18.0pt
text noindent (lof, 1): 21.0pt
number noindent (lof, 1): 0.0pt
number indent by \l@... (lof, 1):  18.0pt
text indent by \l@... (lof, 1):  27.60004pt
number indent by parent (lof, 1):  18.0pt
text indent calculated (lof, 1): 21.0pt
number indent calculated (lof, 1): 18.0pt
text noindent (lof, 1): 21.0pt
number noindent (lof, 1): 0.0pt
)
\tf@lof=\write4
 [5

] [6

] (pbr_scene_converter.toc
number indent by \l@... (toc, 0):  0.0pt
text indent by \l@... (toc, 0):  18.0pt
number indent by parent (toc, 0):  0.0pt
text indent calculated (toc, 0): 18.0pt
number indent calculated (toc, 0): 0.0pt
text noindent (toc, 0): 30.0pt
number noindent (toc, 0): 0.0pt
number indent by \l@... (toc, 1):  18.0pt
text indent by \l@... (toc, 1):  27.60004pt
number indent by parent (toc, 1):  18.0pt
text indent calculated (toc, 1): 21.0pt
number indent calculated (toc, 1): 18.0pt
text noindent (toc, 1): 30.0pt
number noindent (toc, 1): 0.0pt
number indent by \l@... (toc, 1):  18.0pt
text indent by \l@... (toc, 1):  27.60004pt
number indent by parent (toc, 1):  18.0pt
text indent calculated (toc, 1): 21.0pt
number indent calculated (toc, 1): 18.0pt
text noindent (toc, 1): 30.0pt
number noindent (toc, 1): 0.0pt
number indent by \l@... (toc, 1):  18.0pt
text indent by \l@... (toc, 1):  27.60004pt
number indent by parent (toc, 1):  18.0pt
text indent calculated (toc, 1): 21.0pt
number indent calculated (toc, 1): 18.0pt
text noindent (toc, 1): 30.0pt
number noindent (toc, 1): 0.0pt
number indent by \l@... (toc, 1):  18.0pt
text indent by \l@... (toc, 1):  27.60004pt
number indent by parent (toc, 1):  18.0pt
text indent calculated (toc, 1): 21.0pt
number indent calculated (toc, 1): 18.0pt
text noindent (toc, 1): 30.0pt
number noindent (toc, 1): 0.0pt
number indent by \l@... (toc, 0):  0.0pt
text indent by \l@... (toc, 0):  18.0pt
number indent by parent (toc, 0):  0.0pt
text indent calculated (toc, 0): 18.0pt
number indent calculated (toc, 0): 0.0pt
text noindent (toc, 0): 30.0pt
number noindent (toc, 0): 0.0pt
number indent by \l@... (toc, 1):  18.0pt
text indent by \l@... (toc, 1):  27.60004pt
number indent by parent (toc, 1):  18.0pt
text indent calculated (toc, 1): 21.0pt
number indent calculated (toc, 1): 18.0pt
text noindent (toc, 1): 30.0pt
number noindent (toc, 1): 0.0pt
number indent by \l@... (toc, 1):  18.0pt
text indent by \l@... (toc, 1):  27.60004pt
number indent by parent (toc, 1):  18.0pt
text indent calculated (toc, 1): 21.0pt
number indent calculated (toc, 1): 18.0pt
text noindent (toc, 1): 30.0pt
number noindent (toc, 1): 0.0pt
number indent by \l@... (toc, 0):  0.0pt
text indent by \l@... (toc, 0):  18.0pt
number indent by parent (toc, 0):  0.0pt
text indent calculated (toc, 0): 18.0pt
number indent calculated (toc, 0): 0.0pt
text noindent (toc, 0): 30.0pt
number noindent (toc, 0): 0.0pt
number indent by \l@... (toc, 1):  18.0pt
text indent by \l@... (toc, 1):  27.60004pt
number indent by parent (toc, 1):  18.0pt
text indent calculated (toc, 1): 21.0pt
number indent calculated (toc, 1): 18.0pt
text noindent (toc, 1): 30.0pt
number noindent (toc, 1): 0.0pt
number indent by \l@... (toc, 1):  18.0pt
text indent by \l@... (toc, 1):  27.60004pt
number indent by parent (toc, 1):  18.0pt
text indent calculated (toc, 1): 21.0pt
number indent calculated (toc, 1): 18.0pt
text noindent (toc, 1): 30.0pt
number noindent (toc, 1): 0.0pt
number indent by \l@... (toc, 1):  18.0pt
text indent by \l@... (toc, 1):  27.60004pt
number indent by parent (toc, 1):  18.0pt
text indent calculated (toc, 1): 21.0pt
number indent calculated (toc, 1): 18.0pt
text noindent (toc, 1): 30.0pt
number noindent (toc, 1): 0.0pt
number indent by \l@... (toc, 1):  18.0pt
text indent by \l@... (toc, 1):  27.60004pt
number indent by parent (toc, 1):  18.0pt
text indent calculated (toc, 1): 21.0pt
number indent calculated (toc, 1): 18.0pt
text noindent (toc, 1): 30.0pt
number noindent (toc, 1): 0.0pt
number indent by \l@... (toc, 2):  45.60004pt
text indent by \l@... (toc, 2):  38.39996pt
number indent by parent (toc, 2):  39.0pt
text indent calculated (toc, 2): 30.0pt
number indent calculated (toc, 2): 39.0pt
text noindent (toc, 2): 30.0pt
number noindent (toc, 2): 0.0pt
number indent by \l@... (toc, 0):  0.0pt
text indent by \l@... (toc, 0):  18.0pt
number indent by parent (toc, 0):  0.0pt
text indent calculated (toc, 0): 18.0pt
number indent calculated (toc, 0): 0.0pt
text noindent (toc, 0): 30.0pt
number noindent (toc, 0): 0.0pt
number indent by \l@... (toc, 1):  18.0pt
text indent by \l@... (toc, 1):  27.60004pt
number indent by parent (toc, 1):  18.0pt
text indent calculated (toc, 1): 21.0pt
number indent calculated (toc, 1): 18.0pt
text noindent (toc, 1): 30.0pt
number noindent (toc, 1): 0.0pt
number indent by \l@... (toc, 1):  18.0pt
text indent by \l@... (toc, 1):  27.60004pt
number indent by parent (toc, 1):  18.0pt
text indent calculated (toc, 1): 21.0pt
number indent calculated (toc, 1): 18.0pt
text noindent (toc, 1): 30.0pt
number noindent (toc, 1): 0.0pt
number indent by \l@... (toc, 1):  18.0pt
text indent by \l@... (toc, 1):  27.60004pt
number indent by parent (toc, 1):  18.0pt
text indent calculated (toc, 1): 21.0pt
number indent calculated (toc, 1): 18.0pt
text noindent (toc, 1): 30.0pt
number noindent (toc, 1): 0.0pt
number indent by \l@... (toc, 1):  18.0pt
text indent by \l@... (toc, 1):  27.60004pt
number indent by parent (toc, 1):  18.0pt
text indent calculated (toc, 1): 21.0pt
number indent calculated (toc, 1): 18.0pt
text noindent (toc, 1): 30.0pt
number noindent (toc, 1): 0.0pt
number indent by \l@... (toc, 2):  45.60004pt
text indent by \l@... (toc, 2):  38.39996pt
number indent by parent (toc, 2):  39.0pt
text indent calculated (toc, 2): 30.0pt
number indent calculated (toc, 2): 39.0pt
text noindent (toc, 2): 30.0pt
number noindent (toc, 2): 0.0pt
number indent by \l@... (toc, 2):  45.60004pt
text indent by \l@... (toc, 2):  38.39996pt
number indent by parent (toc, 2):  39.0pt
text indent calculated (toc, 2): 30.0pt
number indent calculated (toc, 2): 39.0pt
text noindent (toc, 2): 30.0pt
number noindent (toc, 2): 0.0pt
number indent by \l@... (toc, 2):  45.60004pt
text indent by \l@... (toc, 2):  38.39996pt
number indent by parent (toc, 2):  39.0pt
text indent calculated (toc, 2): 30.0pt
number indent calculated (toc, 2): 39.0pt
text noindent (toc, 2): 30.0pt
number noindent (toc, 2): 0.0pt
number indent by \l@... (toc, 2):  45.60004pt
text indent by \l@... (toc, 2):  38.39996pt
number indent by parent (toc, 2):  39.0pt
text indent calculated (toc, 2): 30.0pt
number indent calculated (toc, 2): 39.0pt
text noindent (toc, 2): 30.0pt
number noindent (toc, 2): 0.0pt
number indent by \l@... (toc, 0):  0.0pt
text indent by \l@... (toc, 0):  18.0pt
number indent by parent (toc, 0):  0.0pt
text indent calculated (toc, 0): 18.0pt
number indent calculated (toc, 0): 0.0pt
text noindent (toc, 0): 30.0pt
number noindent (toc, 0): 0.0pt
number indent by \l@... (toc, 1):  18.0pt
text indent by \l@... (toc, 1):  27.60004pt
number indent by parent (toc, 1):  18.0pt
text indent calculated (toc, 1): 21.0pt
number indent calculated (toc, 1): 18.0pt
text noindent (toc, 1): 30.0pt
number noindent (toc, 1): 0.0pt
number indent by \l@... (toc, 1):  18.0pt
text indent by \l@... (toc, 1):  27.60004pt
number indent by parent (toc, 1):  18.0pt
text indent calculated (toc, 1): 21.0pt
number indent calculated (toc, 1): 18.0pt
text noindent (toc, 1): 30.0pt
number noindent (toc, 1): 0.0pt
number indent by \l@... (toc, 1):  18.0pt
text indent by \l@... (toc, 1):  27.60004pt
number indent by parent (toc, 1):  18.0pt
text indent calculated (toc, 1): 21.0pt
number indent calculated (toc, 1): 18.0pt
text noindent (toc, 1): 30.0pt
number noindent (toc, 1): 0.0pt
number indent by \l@... (toc, 0):  0.0pt
text indent by \l@... (toc, 0):  18.0pt
number indent by parent (toc, 0):  0.0pt
text indent calculated (toc, 0): 18.0pt
number indent calculated (toc, 0): 0.0pt
text noindent (toc, 0): 30.0pt
number noindent (toc, 0): 0.0pt
number indent by \l@... (toc, 0):  0.0pt
text indent by \l@... (toc, 0):  18.0pt
number indent by parent (toc, 0):  0.0pt
text indent calculated (toc, 0): 18.0pt
number indent calculated (toc, 0): 0.0pt
text noindent (toc, 0): 30.0pt
number noindent (toc, 0): 0.0pt
)
\tf@toc=\write5
 (chapters/1_introduction.tex [7

]

LaTeX Warning: Citation `Keller:200' on page 8 undefined on input line 19.


LaTeX Warning: Citation `octane' on page 8 undefined on input line 50.


Underfull \vbox (badness 10000) has occurred while \output is active []


Underfull \hbox (badness 10000) has occurred while \output is active
\T1/ptm/m/n/10.95 8
 []

[8

]
<images/1_introduction/Laubwerk-Kit-12_Bauclassroom-Exterior.jpg, id=275, 1927.
2pt x 1084.05pt>
File: images/1_introduction/Laubwerk-Kit-12_Bauclassroom-Exterior.jpg Graphic f
ile (type jpg)

<use images/1_introduction/Laubwerk-Kit-12_Bauclassroom-Exterior.jpg>
Package pdftex.def Info: images/1_introduction/Laubwerk-Kit-12_Bauclassroom-Ext
erior.jpg used on input line 92.
(pdftex.def)             Requested size: 426.77895pt x 240.06316pt.


LaTeX Warning: Citation `laubwerk' on page 9 undefined on input line 93.


LaTeX Warning: Citation `laubwerk' on page 9 undefined on input line 93.

[9 <./images/1_introduction/Laubwerk-Kit-12_Bauclassroom-Exterior.jpg>]
<images/5_results/coffee/1_from_pbrt.png, id=292, 401.5pt x 501.875pt>
File: images/5_results/coffee/1_from_pbrt.png Graphic file (type png)

<use images/5_results/coffee/1_from_pbrt.png>
Package pdftex.def Info: images/5_results/coffee/1_from_pbrt.png used on input 
line 125.
(pdftex.def)             Requested size: 140.84192pt x 176.05708pt.

<images/5_results/coffee/2_to_mitsuba.png, id=293, 401.5pt x 501.875pt>
File: images/5_results/coffee/2_to_mitsuba.png Graphic file (type png)

<use images/5_results/coffee/2_to_mitsuba.png>
Package pdftex.def Info: images/5_results/coffee/2_to_mitsuba.png used on input
 line 128.
(pdftex.def)             Requested size: 140.84192pt x 176.05708pt.

<images/5_results/coffee/3_to_lux.png, id=294, 401.5pt x 501.875pt>
File: images/5_results/coffee/3_to_lux.png Graphic file (type png)

<use images/5_results/coffee/3_to_lux.png>
Package pdftex.def Info: images/5_results/coffee/3_to_lux.png used on input lin
e 131.
(pdftex.def)             Requested size: 140.84192pt x 176.05708pt.

Overfull \hbox (4.7344pt too wide) in paragraph at lines 125--132
 [][][][][][] 
 []


LaTeX Warning: `h' float specifier changed to `ht'.


Underfull \vbox (badness 10000) has occurred while \output is active []


Underfull \hbox (badness 10000) has occurred while \output is active
\T1/ptm/m/n/10.95 10
 []

[10]
Underfull \vbox (badness 10000) has occurred while \output is active []

 [11 <./images/5_results/coffee/1_from_pbrt.png> <./images/5_results/coffee/2_t
o_mitsuba.png> <./images/5_results/coffee/3_to_lux.png>]

LaTeX Warning: Reference `sec:???' on page 12 undefined on input line 161.


LaTeX Warning: Reference `sec:???' on page 12 undefined on input line 161.

) (chapters/2_related_works.tex
Underfull \hbox (badness 10000) has occurred while \output is active
\T1/ptm/m/n/10.95 12
 []

[12]
Overfull \hbox (3.74988pt too wide) in paragraph at lines 19--20
[]\T1/ptm/m/n/12 RenderToolbox3 is a MAT-LAB tool de-vel-oped for as-sist-ing v
i-sion re-search [[][]Heasly
 []


Underfull \vbox (badness 10000) has occurred while \output is active []

 [13

]
Overfull \hbox (10.45782pt too wide) in paragraph at lines 33--34
[]\T1/ptm/m/n/12 Halide [[][]Ragan-Kelley et al. 2012[][]] is a sys-tem de-sign
ed to op-ti-mize image-processing
 []

) (chapters/3_theoretical_foundations.tex
Underfull \hbox (badness 10000) has occurred while \output is active
\T1/ptm/m/n/10.95 14
 []

[14]
Underfull \vbox (badness 10000) has occurred while \output is active []

 [15

]
<images/3_theoretical_foundations/phong.png, id=388, 724.95844pt x 201.75375pt>
File: images/3_theoretical_foundations/phong.png Graphic file (type png)
<use images/3_theoretical_foundations/phong.png>
Package pdftex.def Info: images/3_theoretical_foundations/phong.png used on inp
ut line 42.
(pdftex.def)             Requested size: 426.79257pt x 118.77507pt.


LaTeX Warning: `h' float specifier changed to `ht'.


Underfull \vbox (badness 10000) has occurred while \output is active []


Underfull \hbox (badness 10000) has occurred while \output is active
\T1/ptm/m/n/10.95 16
 []

[16]
<images/3_theoretical_foundations/raytracing.png, id=404, 878.28125pt x 584.182
5pt>
File: images/3_theoretical_foundations/raytracing.png Graphic file (type png)
 <use images/3_theoretical_foundations/raytracing.png>
Package pdftex.def Info: images/3_theoretical_foundations/raytracing.png used o
n input line 57.
(pdftex.def)             Requested size: 192.05653pt x 127.74503pt.

<images/3_theoretical_foundations/raytracingexample.png, id=406, 803.0pt x 803.
0pt>
File: images/3_theoretical_foundations/raytracingexample.png Graphic file (type
 png)
 <use images/3_theoretical_foundations/raytracingexample.png>
Package pdftex.def Info: images/3_theoretical_foundations/raytracingexample.png
 used on input line 58.
(pdftex.def)             Requested size: 192.05003pt x 192.05003pt.

Underfull \vbox (badness 5533) has occurred while \output is active []

 [17 <./images/3_theoretical_foundations/phong.png (PNG copy)> <./images/3_theo
retical_foundations/raytracing.png> <./images/3_theoretical_foundations/raytrac
ingexample.png (PNG copy)>]) (chapters/4_system_architecture.tex
Underfull \hbox (badness 10000) has occurred while \output is active
\T1/ptm/m/n/10.95 18
 []

[18]
<images/4_system_architecture/architecture.png, id=423, 829.0975pt x 705.63625p
t>
File: images/4_system_architecture/architecture.png Graphic file (type png)
 <use images/4_system_architecture/architecture.png>
Package pdftex.def Info: images/4_system_architecture/architecture.png used on 
input line 11.
(pdftex.def)             Requested size: 426.78125pt x 363.22906pt.


LaTeX Warning: `h' float specifier changed to `ht'.


Underfull \vbox (badness 10000) has occurred while \output is active []

 [19

]
Underfull \vbox (badness 5446) has occurred while \output is active []


Underfull \hbox (badness 10000) has occurred while \output is active
\T1/ptm/m/n/10.95 20
 []

[20 <./images/4_system_architecture/architecture.png>]
<images/4_system_architecture/canonicalrep.png, id=441, 841.1425pt x 527.9725pt
>
File: images/4_system_architecture/canonicalrep.png Graphic file (type png)
 <use images/4_system_architecture/canonicalrep.png>
Package pdftex.def Info: images/4_system_architecture/canonicalrep.png used on 
input line 37.
(pdftex.def)             Requested size: 426.79509pt x 267.89285pt.
 (chapters/param_table.tex) [21 <./images/4_system_architecture/canonicalrep.pn
g>]
Underfull \hbox (badness 10000) has occurred while \output is active
\T1/ptm/m/n/10.95 22
 []

[22]
Underfull \vbox (badness 10000) has occurred while \output is active []

 [23]
Underfull \vbox (badness 10000) has occurred while \output is active []


Underfull \hbox (badness 10000) has occurred while \output is active
\T1/ptm/m/n/10.95 24
 []

[24]) (chapters/5_results.tex [25]
<images/5_results/staircase/1_from_lux.png, id=467, 361.35pt x 642.4pt>
File: images/5_results/staircase/1_from_lux.png Graphic file (type png)

<use images/5_results/staircase/1_from_lux.png>
Package pdftex.def Info: images/5_results/staircase/1_from_lux.png used on inpu
t line 12.
(pdftex.def)             Requested size: 136.57635pt x 242.80104pt.

<images/5_results/staircase/3_to_pbrt.png, id=468, 361.35pt x 642.4pt>
File: images/5_results/staircase/3_to_pbrt.png Graphic file (type png)

<use images/5_results/staircase/3_to_pbrt.png>
Package pdftex.def Info: images/5_results/staircase/3_to_pbrt.png used on input
 line 15.
(pdftex.def)             Requested size: 136.57635pt x 242.80104pt.

<images/5_results/staircase/2_to_mitsuba.png, id=469, 361.35pt x 642.4pt>
File: images/5_results/staircase/2_to_mitsuba.png Graphic file (type png)

<use images/5_results/staircase/2_to_mitsuba.png>
Package pdftex.def Info: images/5_results/staircase/2_to_mitsuba.png used on in
put line 18.
(pdftex.def)             Requested size: 136.57635pt x 242.80104pt.

Underfull \hbox (badness 10000) has occurred while \output is active
\T1/ptm/m/n/10.95 26
 []

[26

 <./images/5_results/staircase/1_from_lux.png> <./images/5_results/staircase/3_
to_pbrt.png> <./images/5_results/staircase/2_to_mitsuba.png>]
<images/5_results/teapot/1_from_lux.png, id=489, 642.4pt x 361.35pt>
File: images/5_results/teapot/1_from_lux.png Graphic file (type png)

<use images/5_results/teapot/1_from_lux.png>
Package pdftex.def Info: images/5_results/teapot/1_from_lux.png used on input l
ine 59.
(pdftex.def)             Requested size: 256.07741pt x 144.0467pt.

<images/5_results/teapot/3_to_pbrt.png, id=490, 642.4pt x 361.35pt>
File: images/5_results/teapot/3_to_pbrt.png Graphic file (type png)

<use images/5_results/teapot/3_to_pbrt.png>
Package pdftex.def Info: images/5_results/teapot/3_to_pbrt.png used on input li
ne 60.
(pdftex.def)             Requested size: 256.07741pt x 144.0467pt.

<images/5_results/teapot/2_to_mitsuba.png, id=491, 642.4pt x 361.35pt>
File: images/5_results/teapot/2_to_mitsuba.png Graphic file (type png)

<use images/5_results/teapot/2_to_mitsuba.png>
Package pdftex.def Info: images/5_results/teapot/2_to_mitsuba.png used on input
 line 61.
(pdftex.def)             Requested size: 256.07741pt x 144.0467pt.

<images/5_results/veach-bidir/1_from_mitsuba.png, id=492, 513.92pt x 513.92pt>
File: images/5_results/veach-bidir/1_from_mitsuba.png Graphic file (type png)

<use images/5_results/veach-bidir/1_from_mitsuba.png>
Package pdftex.def Info: images/5_results/veach-bidir/1_from_mitsuba.png used o
n input line 68.
(pdftex.def)             Requested size: 136.57635pt x 136.57239pt.

<images/5_results/veach-bidir/2_to_pbrt.png, id=493, 513.92pt x 513.92pt>
File: images/5_results/veach-bidir/2_to_pbrt.png Graphic file (type png)

<use images/5_results/veach-bidir/2_to_pbrt.png>
Package pdftex.def Info: images/5_results/veach-bidir/2_to_pbrt.png used on inp
ut line 69.
(pdftex.def)             Requested size: 136.57635pt x 136.57239pt.

<images/5_results/veach-bidir/3_to_lux.png, id=494, 513.92pt x 513.92pt>
File: images/5_results/veach-bidir/3_to_lux.png Graphic file (type png)

<use images/5_results/veach-bidir/3_to_lux.png>
Package pdftex.def Info: images/5_results/veach-bidir/3_to_lux.png used on inpu
t line 70.
(pdftex.def)             Requested size: 136.57635pt x 136.57239pt.

<images/5_results/cornell-box/1_from_mitsuba.png, id=495, 513.92pt x 513.92pt>
File: images/5_results/cornell-box/1_from_mitsuba.png Graphic file (type png)

<use images/5_results/cornell-box/1_from_mitsuba.png>
Package pdftex.def Info: images/5_results/cornell-box/1_from_mitsuba.png used o
n input line 73.
(pdftex.def)             Requested size: 136.57635pt x 136.57239pt.

<images/5_results/cornell-box/2_to_pbrt.png, id=496, 513.92pt x 513.92pt>
File: images/5_results/cornell-box/2_to_pbrt.png Graphic file (type png)

<use images/5_results/cornell-box/2_to_pbrt.png>
Package pdftex.def Info: images/5_results/cornell-box/2_to_pbrt.png used on inp
ut line 75.
(pdftex.def)             Requested size: 136.57635pt x 136.57239pt.

<images/5_results/cornell-box/3_to_lux.png, id=497, 513.92pt x 513.92pt>
File: images/5_results/cornell-box/3_to_lux.png Graphic file (type png)

<use images/5_results/cornell-box/3_to_lux.png>
Package pdftex.def Info: images/5_results/cornell-box/3_to_lux.png used on inpu
t line 76.
(pdftex.def)             Requested size: 136.57635pt x 136.57239pt.

Underfull \vbox (badness 10000) has occurred while \output is active []

 [27]
Underfull \hbox (badness 10000) has occurred while \output is active
\T1/ptm/m/n/10.95 28
 []

[28 <./images/5_results/teapot/1_from_lux.png> <./images/5_results/teapot/3_to_
pbrt.png> <./images/5_results/teapot/2_to_mitsuba.png>]
<images/5_results/dining_room/1_from_lux.png, id=517, 642.4pt x 361.35pt>
File: images/5_results/dining_room/1_from_lux.png Graphic file (type png)

<use images/5_results/dining_room/1_from_lux.png>
Package pdftex.def Info: images/5_results/dining_room/1_from_lux.png used on in
put line 108.
(pdftex.def)             Requested size: 213.39568pt x 120.03433pt.

<images/5_results/dining_room/3_to_pbrt.png, id=518, 642.4pt x 361.35pt>
File: images/5_results/dining_room/3_to_pbrt.png Graphic file (type png)

<use images/5_results/dining_room/3_to_pbrt.png>
Package pdftex.def Info: images/5_results/dining_room/3_to_pbrt.png used on inp
ut line 109.
(pdftex.def)             Requested size: 213.39568pt x 120.03433pt.

<images/5_results/dining_room/2_to_mitsuba.png, id=519, 642.4pt x 361.35pt>
File: images/5_results/dining_room/2_to_mitsuba.png Graphic file (type png)

<use images/5_results/dining_room/2_to_mitsuba.png>
Package pdftex.def Info: images/5_results/dining_room/2_to_mitsuba.png used on 
input line 110.
(pdftex.def)             Requested size: 213.39568pt x 120.03433pt.

<images/5_results/lamp/1_from_mitsuba_s.png, id=520, 513.92pt x 513.92pt>
File: images/5_results/lamp/1_from_mitsuba_s.png Graphic file (type png)

<use images/5_results/lamp/1_from_mitsuba_s.png>
Package pdftex.def Info: images/5_results/lamp/1_from_mitsuba_s.png used on inp
ut line 117.
(pdftex.def)             Requested size: 136.57635pt x 136.57239pt.

<images/5_results/lamp/2_to_pbrt_s.png, id=521, 513.92pt x 513.92pt>
File: images/5_results/lamp/2_to_pbrt_s.png Graphic file (type png)

<use images/5_results/lamp/2_to_pbrt_s.png>
Package pdftex.def Info: images/5_results/lamp/2_to_pbrt_s.png used on input li
ne 118.
(pdftex.def)             Requested size: 136.57635pt x 136.57239pt.

<images/5_results/lamp/3_to_lux_s.png, id=522, 513.92pt x 513.92pt>
File: images/5_results/lamp/3_to_lux_s.png Graphic file (type png)

<use images/5_results/lamp/3_to_lux_s.png>
Package pdftex.def Info: images/5_results/lamp/3_to_lux_s.png used on input lin
e 119.
(pdftex.def)             Requested size: 136.57635pt x 136.57239pt.

<images/5_results/veach-mis/1_from_pbrt_s.png, id=523, 642.4pt x 361.35pt>
File: images/5_results/veach-mis/1_from_pbrt_s.png Graphic file (type png)

<use images/5_results/veach-mis/1_from_pbrt_s.png>
Package pdftex.def Info: images/5_results/veach-mis/1_from_pbrt_s.png used on i
nput line 126.
(pdftex.def)             Requested size: 256.07741pt x 144.0467pt.

<images/5_results/veach-mis/2_to_mitsuba_s.png, id=524, 642.4pt x 361.35pt>
File: images/5_results/veach-mis/2_to_mitsuba_s.png Graphic file (type png)

<use images/5_results/veach-mis/2_to_mitsuba_s.png>
Package pdftex.def Info: images/5_results/veach-mis/2_to_mitsuba_s.png used on 
input line 127.
(pdftex.def)             Requested size: 256.07741pt x 144.0467pt.

<images/5_results/veach-mis/3_to_lux_s.png, id=525, 642.4pt x 361.35pt>
File: images/5_results/veach-mis/3_to_lux_s.png Graphic file (type png)

<use images/5_results/veach-mis/3_to_lux_s.png>
Package pdftex.def Info: images/5_results/veach-mis/3_to_lux_s.png used on inpu
t line 128.
(pdftex.def)             Requested size: 256.07741pt x 144.0467pt.
) (chapters/6_conclusion.tex
[29 <./images/5_results/veach-bidir/1_from_mitsuba.png> <./images/5_results/vea
ch-bidir/2_to_pbrt.png> <./images/5_results/veach-bidir/3_to_lux.png> <./images
/5_results/cornell-box/1_from_mitsuba.png> <./images/5_results/cornell-box/2_to
_pbrt.png> <./images/5_results/cornell-box/3_to_lux.png>]
Underfull \hbox (badness 10000) has occurred while \output is active
\T1/ptm/m/n/10.95 30
 []

[30 <./images/5_results/dining_room/1_from_lux.png> <./images/5_results/dining_
room/3_to_pbrt.png> <./images/5_results/dining_room/2_to_mitsuba.png> <./images
/5_results/lamp/1_from_mitsuba_s.png> <./images/5_results/lamp/2_to_pbrt_s.png>
 <./images/5_results/lamp/3_to_lux_s.png>] [31 <./images/5_results/veach-mis/1_
from_pbrt_s.png> <./images/5_results/veach-mis/2_to_mitsuba_s.png> <./images/5_
results/veach-mis/3_to_lux_s.png>]) (pbr_scene_converter.bbl
Underfull \hbox (badness 10000) has occurred while \output is active
\T1/ptm/m/n/10.95 32
 []

[32

] [33

]
Underfull \hbox (badness 10000) has occurred while \output is active
\T1/ptm/m/n/10.95 34
 []

[34]) 
AED: lastpage setting LastPage
[35]
Package atveryend Info: Empty hook `BeforeClearDocument' on input line 98.
Package atveryend Info: Empty hook `AfterLastShipout' on input line 98.
 (pbr_scene_converter.aux)
Package atveryend Info: Executing hook `AtVeryEndDocument' on input line 98.
Package atveryend Info: Executing hook `AtEndAfterFileList' on input line 98.
Package rerunfilecheck Info: File `pbr_scene_converter.out' has not changed.
(rerunfilecheck)             Checksum: 349ADD66A348452BEE230F283A8CD060;5689.


LaTeX Warning: There were undefined references.


LaTeX Warning: There were multiply-defined labels.

Package atveryend Info: Empty hook `AtVeryVeryEnd' on input line 98.
 ) 
Here is how much of TeX's memory you used:
 13723 strings out of 493673
 202137 string characters out of 3141526
 313234 words of memory out of 3000000
 16675 multiletter control sequences out of 15000+200000
 28126 words of font info for 39 fonts, out of 3000000 for 9000
 1025 hyphenation exceptions out of 8191
 48i,13n,47p,738b,595s stack positions out of 5000i,500n,10000p,200000b,50000s
{C:/Program Files (x86)/MiKTeX 2.9/fonts/enc/dvips/fontname/8r.enc}<C:/Progra
m Files (x86)/MiKTeX 2.9/fonts/type1/public/amsfonts/cm/cmex10.pfb><C:/Program 
Files (x86)/MiKTeX 2.9/fonts/type1/public/amsfonts/cm/cmmi12.pfb><C:/Program Fi
les (x86)/MiKTeX 2.9/fonts/type1/public/amsfonts/cm/cmmi8.pfb><C:/Program Files
 (x86)/MiKTeX 2.9/fonts/type1/public/amsfonts/cm/cmr12.pfb><C:/Program Files (x
86)/MiKTeX 2.9/fonts/type1/public/amsfonts/cm/cmsy10.pfb><C:/Program Files (x86
)/MiKTeX 2.9/fonts/type1/public/amsfonts/cm/cmsy8.pfb><C:/Program Files (x86)/M
iKTeX 2.9/fonts/type1/urw/times/utmb8a.pfb><C:/Program Files (x86)/MiKTeX 2.9/f
onts/type1/urw/times/utmr8a.pfb><C:/Program Files (x86)/MiKTeX 2.9/fonts/type1/
urw/times/utmri8a.pfb>
Output written on pbr_scene_converter.pdf (35 pages, 9518127 bytes).
PDF statistics:
 658 PDF objects out of 1000 (max. 8388607)
 160 named destinations out of 1000 (max. 500000)
 423 words of extra memory for PDF output out of 10000 (max. 10000000)

